\BOOKMARK [1][-]{section.1}{Introducci\363n}{}% 1
\BOOKMARK [1][-]{section.2}{Dise\361o Analizador L\351xico}{}% 2
\BOOKMARK [2][-]{subsection.2.1}{Tokens}{section.2}% 3
\BOOKMARK [2][-]{subsection.2.2}{Gram\341tica Regular}{section.2}% 4
\BOOKMARK [2][-]{subsection.2.3}{Aut\363mata Finito Determinista}{section.2}% 5
\BOOKMARK [2][-]{subsection.2.4}{Acciones Sem\341nticas}{section.2}% 6
\BOOKMARK [2][-]{subsection.2.5}{Errores}{section.2}% 7
\BOOKMARK [1][-]{section.3}{Dise\361o Analizador Sint\341ctico}{}% 8
\BOOKMARK [2][-]{subsection.3.1}{Gram\341tica}{section.3}% 9
\BOOKMARK [2][-]{subsection.3.2}{Tabla LR\(1\) }{section.3}% 10
\BOOKMARK [1][-]{section.4}{Dise\361o Analizador Sem\341ntico}{}% 11
\BOOKMARK [1][-]{section.5}{Dise\361o Tabla de S\355mbolos}{}% 12
\BOOKMARK [1][-]{section.6}{Anexo}{}% 13
\BOOKMARK [2][-]{subsection.6.1}{Casos de prueba correctos}{section.6}% 14
\BOOKMARK [3][-]{subsubsection.6.1.1}{Prueba correcta 1}{subsection.6.1}% 15
\BOOKMARK [3][-]{subsubsection.6.1.2}{Prueba correcta 2}{subsection.6.1}% 16
\BOOKMARK [3][-]{subsubsection.6.1.3}{Prueba correcta 3}{subsection.6.1}% 17
\BOOKMARK [3][-]{subsubsection.6.1.4}{Prueba correcta 4}{subsection.6.1}% 18
\BOOKMARK [3][-]{subsubsection.6.1.5}{Prueba correcta 5}{subsection.6.1}% 19
\BOOKMARK [2][-]{subsection.6.2}{Casos de prueba err\363neos}{section.6}% 20
\BOOKMARK [3][-]{subsubsection.6.2.1}{Prueba err\363nea 1}{subsection.6.2}% 21
\BOOKMARK [3][-]{subsubsection.6.2.2}{Prueba err\363nea 2}{subsection.6.2}% 22
\BOOKMARK [1][-]{section.7}{Referencias}{}% 23
